i= 1
0 1 
2 3 

i= 2
2 4 
8 14 

i= 3
8 15 
30 53 

i= 4
30 54 
108 192 

i= 5
108 193 
386 687 

i= 6
386 688 
1376 2450 

i= 7
1376 2451 
4902 8729 

i= 8
4902 8730 
17460 31092 

i= 9
17460 31093 
62186 110739 

i= 10
62186 110740 
221480 394406 

i= 11
221480 394407 
788814 1404701 

i= 12
788814 1404702 
2809404 5002920 

i= 13
2809404 5002921 
10005842 17818167 

i= 14
10005842 17818168 
35636336 63460346 

i= 15
35636336 63460347 
126920694 226017377 

i= 16
126920694 226017378 
452034756 804972828 

i= 17
452034756 804972829 
611701305 870464537 

i= 18
611701305 870464538 
742684723 228361860 

i= 19
742684723 228361861 
456723722 429525953 

i= 20
456723722 429525954 
859051908 747057231 

i= 21
859051908 747057232 
495870111 105490545 

i= 22
495870111 105490546 
210981092 812341749 

i= 23
210981092 812341750 
626439147 651517636 

i= 24
626439147 651517637 
304790921 282513468 

i= 25
304790921 282513469 
-433217415 850341444 

i= 26
-433217415 850341445 
-295805816 817572683 

i= 27
-295805816 817572684 
-361343338 856677999 

i= 28
-361343338 856678000 
-283132706 908456425 

i= 29
-283132706 908456426 
-179575854 143757982 

i= 30
-179575854 143757983 
287515966 947952564 

i= 31
287515966 947952565 
897660777 530905187 

i= 32
897660777 530905188 
63566023 888152220 

i= 33
63566023 888152221 
778060089 127554212 

i= 34
778060089 127554213 
255108426 858732844 

i= 35
255108426 858732845 
719221337 230838487 

i= 36
719221337 230838488 
461676976 -190487320 

i= 37
461676976 -190487319 
-380974638 -713764749 

i= 38
-380974638 -713764748 
-429285143 -131515591 

i= 39
-429285143 -131515590 
-263031180 -429567328 

i= 40
-263031180 -429567327 
-859134654 -159224223 

i= 41
-859134654 -159224222 
-318448444 -640552851 

i= 42
-318448444 -640552850 
-282861347 -545608172 

i= 43
-282861347 -545608171 
-92971989 -921441507 

i= 44
-92971989 -921441506 
-844638659 -860807801 

i= 45
-844638659 -860807800 
-723371247 -130339116 

i= 46
-723371247 -130339115 
-260678230 -812398708 

i= 47
-260678230 -812398707 
-626553061 -399395761 

i= 48
-626553061 -399395760 
-798791520 -524506104 

i= 49
-798791520 -524506103 
-50767853 -73831239 

i= 50
-50767853 -73831238 
-147662476 -968516036 

i= 51
-147662476 -968516035 
-938787717 -452742107 

i= 52
-938787717 -452742106 
-905484212 -694789914 

i= 53
-905484212 -694789913 
-391335473 -389385477 

i= 54
-391335473 -389385476 
-778770952 -955512133 

i= 55
-778770952 -955512132 
-912779911 -46594521 

i= 56
-912779911 -46594520 
-93189040 -448583703 

i= 57
-93189040 -448583702 
-897167404 -834960378 

i= 58
-897167404 -834960377 
-671676401 -801580061 

i= 59
-671676401 -801580060 
-604915767 -173958223 

i= 60
-604915767 -173958222 
-347916444 -220820781 

i= 61
-347916444 -220820780 
-441641560 -104409132 

i= 62
-441641560 -104409131 
-208818262 453090583 

i= 63
-208818262 453090584 
-92063185 361924320 

i= 64
-92063185 361924321 
-274395711 205180608 

i= 65
-274395711 205180609 
-587883135 -447383054 

i= 66
-587883135 -447383053 
-894766106 -722072758 

i= 67
-894766106 -722072757 
-445901161 -854780488 

i= 68
-445901161 -854780487 
-711316621 -804038733 

i= 69
-711316621 -804038732 
-609833111 -615239044 

i= 70
-609833111 -615239043 
-232233733 -945600820 

i= 71
-232233733 -945600819 
-892957285 -560842417 

i= 72
-892957285 -560842416 
-123440479 -67290760 

i= 73
-123440479 -67290759 
-134581518 -811852042 

i= 74
-134581518 -811852041 
-625459729 -758198337 

i= 75
-625459729 -758198336 
-518152319 -89871080 

i= 76
-518152319 -89871079 
-179742158 -972314958 

i= 77
-179742158 -972314957 
-946385561 -982757841 

i= 78
-946385561 -982757840 
-967271327 -782485540 

i= 79
-967271327 -782485539 
-566726725 99435481 

i= 80
-566726725 99435482 
198870964 -150979797 

i= 81
198870964 -150979796 
-301959592 -136627942 

i= 82
-301959592 -136627941 
-273255882 -594402933 

i= 83
-273255882 -594402932 
-190561511 -940779843 

i= 84
-190561511 -940779842 
-883315331 -898971849 

i= 85
-883315331 -898971848 
-799699343 -166067450 

i= 86
-799699343 -166067449 
-332134898 -878471324 

i= 87
-332134898 -878471323 
-758698293 -551629795 

i= 88
-758698293 -551629794 
-105015235 -995912956 

i= 89
-105015235 -995912955 
-993581557 -676835028 

i= 90
-993581557 -676835027 
-355425701 -608167566 

i= 91
-355425701 -608167565 
-218090777 -460263793 

i= 92
-218090777 -460263792 
77716769 -877461903 

i= 93
77716769 -877461902 
-756679451 -835004334 

i= 94
-756679451 -835004333 
-671764313 -543783494 

i= 95
-671764313 -543783493 
-89322633 -583450189 

i= 96
-89322633 -583450188 
-168656023 -120008594 

i= 97
-168656023 -120008593 
-240017186 -805505905 

i= 98
-240017186 -805505904 
-612767455 -936870295 

i= 99
-612767455 -936870294 
-875496235 -705469381 

i= 100
-875496235 -705469380 
-412694407 27994465 

-875496235 -705469380 
-412694407 27994465 

