0 0 0 0 0 1 1 1 1 
0 0 1 1 0 0 T 1 1 
0 1 1 1 0 0 0 0 0 
0 1 1 0 0 1 1 0 0 
0 0 0 0 1 1 1 0 0 
0 0 1 1 1 1 0 0 0 
0 C 1 1 1 0 0 0 0 
1 0 0 0 0 0 0 1 1 
Step=0
0 0 0 0 0 1 1 1 1 
0 0 1 1 0 0 T 1 1 
0 1 1 1 0 0 0 0 0 
0 1 1 0 0 1 1 0 0 
0 0 0 0 1 1 1 0 0 
0 0 1 1 1 1 0 0 0 
0 C 1 1 1 0 0 0 0 
1 0 0 0 0 0 0 1 1 
Step=1
0 0 0 0 0 1 1 1 1 
0 0 1 1 0 0 T 1 1 
0 1 1 1 0 0 0 0 0 
0 1 1 0 0 1 1 0 0 
0 0 0 0 1 1 1 0 0 
0 0 1 1 1 1 0 0 0 
0 C 1 1 1 0 0 0 0 
1 0 0 0 0 0 0 1 1 
Step=1
0 0 0 0 0 1 1 1 1 
0 0 1 1 0 0 T 1 1 
0 1 1 1 0 0 0 0 0 
0 1 1 0 0 1 1 0 0 
0 0 0 0 1 1 1 0 0 
0 0 1 1 1 1 0 0 0 
0 0 1 1 1 0 0 0 0 
1 C 0 0 0 0 0 1 1 
Step=1
0 0 0 0 0 1 1 1 1 
0 0 1 1 0 0 T 1 1 
0 1 1 1 0 0 0 0 0 
0 1 1 0 0 1 1 0 0 
0 0 0 0 1 1 1 0 0 
0 0 1 1 1 1 0 0 0 
0 C 1 1 1 0 0 0 0 
1 0 0 0 0 0 0 1 1 
Step=2
0 0 0 0 0 1 1 1 1 
0 0 1 1 0 0 T 1 1 
0 1 1 1 0 0 0 0 0 
0 1 1 0 0 1 1 0 0 
0 0 0 0 1 1 1 0 0 
0 0 1 1 1 1 0 0 0 
C 0 1 1 1 0 0 0 0 
1 0 0 0 0 0 0 1 1 
Step=2
0 0 0 0 0 1 1 1 1 
0 0 1 1 0 0 T 1 1 
0 1 1 1 0 0 0 0 0 
0 1 1 0 0 1 1 0 0 
0 0 0 0 1 1 1 0 0 
0 0 1 1 1 1 0 0 0 
0 0 1 1 1 0 0 0 0 
1 C 0 0 0 0 0 1 1 
Step=2
0 0 0 0 0 1 1 1 1 
0 0 1 1 0 0 T 1 1 
0 1 1 1 0 0 0 0 0 
0 1 1 0 0 1 1 0 0 
0 0 0 0 1 1 1 0 0 
0 0 1 1 1 1 0 0 0 
0 0 1 1 1 0 0 0 0 
1 C 0 0 0 0 0 1 1 
Step=2
0 0 0 0 0 1 1 1 1 
0 0 1 1 0 0 T 1 1 
0 1 1 1 0 0 0 0 0 
0 1 1 0 0 1 1 0 0 
0 0 0 0 1 1 1 0 0 
0 C 1 1 1 1 0 0 0 
0 0 1 1 1 0 0 0 0 
1 0 0 0 0 0 0 1 1 
Step=3
0 0 0 0 0 1 1 1 1 
0 0 1 1 0 0 T 1 1 
0 1 1 1 0 0 0 0 0 
0 1 1 0 0 1 1 0 0 
0 C 0 0 1 1 1 0 0 
0 0 1 1 1 1 0 0 0 
0 0 1 1 1 0 0 0 0 
1 0 0 0 0 0 0 1 1 
Step=3
0 0 0 0 0 1 1 1 1 
0 0 1 1 0 0 T 1 1 
0 1 1 1 0 0 0 0 0 
0 1 1 0 0 1 1 0 0 
0 0 0 0 1 1 1 0 0 
0 0 1 1 1 1 0 0 0 
C 0 1 1 1 0 0 0 0 
1 0 0 0 0 0 0 1 1 
Step=3
0 0 0 0 0 1 1 1 1 
0 0 1 1 0 0 T 1 1 
0 1 1 1 0 0 0 0 0 
0 1 1 0 0 1 1 0 0 
0 0 0 0 1 1 1 0 0 
0 0 1 1 1 1 0 0 0 
C 0 1 1 1 0 0 0 0 
1 0 0 0 0 0 0 1 1 
Step=3
0 0 0 0 0 1 1 1 1 
0 0 1 1 0 0 T 1 1 
0 1 1 1 0 0 0 0 0 
0 1 1 0 0 1 1 0 0 
0 0 0 0 1 1 1 0 0 
0 0 1 1 1 1 0 0 0 
0 0 1 1 1 0 0 0 0 
1 C 0 0 0 0 0 1 1 
Step=3
0 0 0 0 0 1 1 1 1 
0 0 1 1 0 0 T 1 1 
0 1 1 1 0 0 0 0 0 
0 1 1 0 0 1 1 0 0 
0 0 0 0 1 1 1 0 0 
0 0 1 1 1 1 0 0 0 
0 0 1 1 1 0 0 0 0 
1 0 C 0 0 0 0 1 1 
Step=3
0 0 0 0 0 1 1 1 1 
0 0 1 1 0 0 T 1 1 
0 1 1 1 0 0 0 0 0 
0 1 1 0 0 1 1 0 0 
0 0 0 0 1 1 1 0 0 
0 0 1 1 1 1 0 0 0 
0 0 1 1 1 0 0 0 0 
1 0 0 C 0 0 0 1 1 
Step=3
0 0 0 0 0 1 1 1 1 
0 0 1 1 0 0 T 1 1 
0 1 1 1 0 0 0 0 0 
0 1 1 0 0 1 1 0 0 
0 0 0 0 1 1 1 0 0 
0 0 1 1 1 1 0 0 0 
0 0 1 1 1 0 0 0 0 
1 0 0 0 C 0 0 1 1 
Step=3
0 0 0 0 0 1 1 1 1 
0 0 1 1 0 0 T 1 1 
0 1 1 1 0 0 0 0 0 
0 1 1 0 0 1 1 0 0 
0 0 0 0 1 1 1 0 0 
0 C 1 1 1 1 0 0 0 
0 0 1 1 1 0 0 0 0 
1 0 0 0 0 0 0 1 1 
Step=4
0 0 0 0 0 1 1 1 1 
0 0 1 1 0 0 T 1 1 
0 1 1 1 0 0 0 0 0 
0 1 1 0 0 1 1 0 0 
0 0 0 0 1 1 1 0 0 
0 C 1 1 1 1 0 0 0 
0 0 1 1 1 0 0 0 0 
1 0 0 0 0 0 0 1 1 
Step=4
0 0 0 0 0 1 1 1 1 
0 0 1 1 0 0 T 1 1 
0 1 1 1 0 0 0 0 0 
0 1 1 0 0 1 1 0 0 
0 C 0 0 1 1 1 0 0 
0 0 1 1 1 1 0 0 0 
0 0 1 1 1 0 0 0 0 
1 0 0 0 0 0 0 1 1 
Step=4
0 0 0 0 0 1 1 1 1 
0 0 1 1 0 0 T 1 1 
0 1 1 1 0 0 0 0 0 
0 1 1 0 0 1 1 0 0 
0 C 0 0 1 1 1 0 0 
0 0 1 1 1 1 0 0 0 
0 0 1 1 1 0 0 0 0 
1 0 0 0 0 0 0 1 1 
Step=4
0 0 0 0 0 1 1 1 1 
0 C 1 1 0 0 T 1 1 
0 1 1 1 0 0 0 0 0 
0 1 1 0 0 1 1 0 0 
0 0 0 0 1 1 1 0 0 
0 0 1 1 1 1 0 0 0 
0 0 1 1 1 0 0 0 0 
1 0 0 0 0 0 0 1 1 
Step=4
0 0 0 0 0 1 1 1 1 
0 0 1 1 0 0 T 1 1 
0 1 1 1 0 0 0 0 0 
0 1 1 0 0 1 1 0 0 
0 0 0 0 1 1 1 0 0 
0 0 1 1 1 1 0 0 0 
C 0 1 1 1 0 0 0 0 
1 0 0 0 0 0 0 1 1 
Step=4
0 0 0 0 0 1 1 1 1 
0 0 1 1 0 0 T 1 1 
0 1 1 1 0 0 0 0 0 
0 1 1 0 0 1 1 0 0 
0 0 0 0 1 1 1 0 0 
C 0 1 1 1 1 0 0 0 
0 0 1 1 1 0 0 0 0 
1 0 0 0 0 0 0 1 1 
Step=4
0 0 0 0 0 1 1 1 1 
0 0 1 1 0 0 T 1 1 
0 1 1 1 0 0 0 0 0 
0 1 1 0 0 1 1 0 0 
C 0 0 0 1 1 1 0 0 
0 0 1 1 1 1 0 0 0 
0 0 1 1 1 0 0 0 0 
1 0 0 0 0 0 0 1 1 
Step=4
0 0 0 0 0 1 1 1 1 
0 0 1 1 0 0 T 1 1 
0 1 1 1 0 0 0 0 0 
C 1 1 0 0 1 1 0 0 
0 0 0 0 1 1 1 0 0 
0 0 1 1 1 1 0 0 0 
0 0 1 1 1 0 0 0 0 
1 0 0 0 0 0 0 1 1 
Step=4
0 0 0 0 0 1 1 1 1 
0 0 1 1 0 0 T 1 1 
0 1 1 1 0 0 0 0 0 
0 1 1 0 0 1 1 0 0 
0 0 0 0 1 1 1 0 0 
0 0 1 1 1 1 0 0 0 
0 0 1 1 1 0 0 0 0 
1 0 C 0 0 0 0 1 1 
Step=4
0 0 0 0 0 1 1 1 1 
0 0 1 1 0 0 T 1 1 
0 1 1 1 0 0 0 0 0 
0 1 1 0 0 1 1 0 0 
0 0 0 0 1 1 1 0 0 
0 0 1 1 1 1 0 0 0 
0 0 1 1 1 0 0 0 0 
1 0 C 0 0 0 0 1 1 
Step=4
0 0 0 0 0 1 1 1 1 
0 0 1 1 0 0 T 1 1 
0 1 1 1 0 0 0 0 0 
0 1 1 0 0 1 1 0 0 
0 0 0 0 1 1 1 0 0 
0 0 1 1 1 1 0 0 0 
0 0 1 1 1 0 0 0 0 
1 0 0 0 0 C 0 1 1 
Step=4
0 0 0 0 0 1 1 1 1 
0 0 1 1 0 0 T 1 1 
0 1 1 1 0 0 0 0 0 
0 1 1 0 0 1 1 0 0 
0 0 0 0 1 1 1 0 0 
0 0 1 1 1 1 0 0 0 
0 0 1 1 1 0 0 0 0 
1 0 0 C 0 0 0 1 1 
Step=4
0 0 0 0 0 1 1 1 1 
0 0 1 1 0 0 T 1 1 
0 1 1 1 0 0 0 0 0 
0 1 1 0 0 1 1 0 0 
0 0 0 0 1 1 1 0 0 
0 0 1 1 1 1 0 0 0 
0 0 1 1 1 0 0 0 0 
1 0 0 C 0 0 0 1 1 
Step=4
0 0 0 0 0 1 1 1 1 
0 0 1 1 0 0 T 1 1 
0 1 1 1 0 0 0 0 0 
0 1 1 0 0 1 1 0 0 
0 0 0 0 1 1 1 0 0 
0 0 1 1 1 1 0 0 0 
0 0 1 1 1 0 0 0 0 
1 0 0 0 0 0 C 1 1 
Step=4
0 0 0 0 0 1 1 1 1 
0 0 1 1 0 0 T 1 1 
0 1 1 1 0 0 0 0 0 
0 1 1 0 0 1 1 0 0 
0 0 0 0 1 1 1 0 0 
0 0 1 1 1 1 0 0 0 
0 0 1 1 1 0 0 0 0 
1 0 0 0 C 0 0 1 1 
Step=4
0 0 0 0 0 1 1 1 1 
0 0 1 1 0 0 T 1 1 
0 1 1 1 0 0 0 0 0 
0 1 1 0 0 1 1 0 0 
0 0 0 0 1 1 1 0 0 
0 0 1 1 1 1 0 0 0 
0 0 1 1 1 0 0 0 0 
1 0 0 0 C 0 0 1 1 
Step=4
0 0 0 0 0 1 1 1 1 
0 0 1 1 0 0 T 1 1 
0 1 1 1 0 0 0 0 0 
0 1 1 0 0 1 1 0 0 
0 0 0 0 1 1 1 0 0 
0 C 1 1 1 1 0 0 0 
0 0 1 1 1 0 0 0 0 
1 0 0 0 0 0 0 1 1 
Step=5
0 0 0 0 0 1 1 1 1 
0 0 1 1 0 0 T 1 1 
0 1 1 1 0 0 0 0 0 
0 1 1 0 0 1 1 0 0 
0 0 0 0 1 1 1 0 0 
C 0 1 1 1 1 0 0 0 
0 0 1 1 1 0 0 0 0 
1 0 0 0 0 0 0 1 1 
Step=5
0 0 0 0 0 1 1 1 1 
0 0 1 1 0 0 T 1 1 
0 1 1 1 0 0 0 0 0 
0 1 1 0 0 1 1 0 0 
0 C 0 0 1 1 1 0 0 
0 0 1 1 1 1 0 0 0 
0 0 1 1 1 0 0 0 0 
1 0 0 0 0 0 0 1 1 
Step=5
0 0 0 0 0 1 1 1 1 
0 0 1 1 0 0 T 1 1 
0 1 1 1 0 0 0 0 0 
0 1 1 0 0 1 1 0 0 
0 0 C 0 1 1 1 0 0 
0 0 1 1 1 1 0 0 0 
0 0 1 1 1 0 0 0 0 
1 0 0 0 0 0 0 1 1 
Step=5
0 0 0 0 0 1 1 1 1 
0 0 1 1 0 0 T 1 1 
0 1 1 1 0 0 0 0 0 
0 1 1 0 0 1 1 0 0 
0 0 0 C 1 1 1 0 0 
0 0 1 1 1 1 0 0 0 
0 0 1 1 1 0 0 0 0 
1 0 0 0 0 0 0 1 1 
Step=5
0 0 0 0 0 1 1 1 1 
0 0 1 1 0 0 T 1 1 
0 1 1 1 0 0 0 0 0 
0 1 1 0 0 1 1 0 0 
C 0 0 0 1 1 1 0 0 
0 0 1 1 1 1 0 0 0 
0 0 1 1 1 0 0 0 0 
1 0 0 0 0 0 0 1 1 
Step=5
0 0 0 0 0 1 1 1 1 
0 C 1 1 0 0 T 1 1 
0 1 1 1 0 0 0 0 0 
0 1 1 0 0 1 1 0 0 
0 0 0 0 1 1 1 0 0 
0 0 1 1 1 1 0 0 0 
0 0 1 1 1 0 0 0 0 
1 0 0 0 0 0 0 1 1 
Step=5
0 0 0 0 0 1 1 1 1 
0 C 1 1 0 0 T 1 1 
0 1 1 1 0 0 0 0 0 
0 1 1 0 0 1 1 0 0 
0 0 0 0 1 1 1 0 0 
0 0 1 1 1 1 0 0 0 
0 0 1 1 1 0 0 0 0 
1 0 0 0 0 0 0 1 1 
Step=5
0 C 0 0 0 1 1 1 1 
0 0 1 1 0 0 T 1 1 
0 1 1 1 0 0 0 0 0 
0 1 1 0 0 1 1 0 0 
0 0 0 0 1 1 1 0 0 
0 0 1 1 1 1 0 0 0 
0 0 1 1 1 0 0 0 0 
1 0 0 0 0 0 0 1 1 
Step=5
0 0 0 0 0 1 1 1 1 
0 0 1 1 0 0 T 1 1 
0 1 1 1 0 0 0 0 0 
0 1 1 0 0 1 1 0 0 
0 0 0 0 1 1 1 0 0 
C 0 1 1 1 1 0 0 0 
0 0 1 1 1 0 0 0 0 
1 0 0 0 0 0 0 1 1 
Step=5
0 0 0 0 0 1 1 1 1 
0 0 1 1 0 0 T 1 1 
C 1 1 1 0 0 0 0 0 
0 1 1 0 0 1 1 0 0 
0 0 0 0 1 1 1 0 0 
0 0 1 1 1 1 0 0 0 
0 0 1 1 1 0 0 0 0 
1 0 0 0 0 0 0 1 1 
Step=5
0 0 0 0 0 1 1 1 1 
0 0 1 1 0 0 T 1 1 
0 1 1 1 0 0 0 0 0 
0 1 1 0 0 1 1 0 0 
C 0 0 0 1 1 1 0 0 
0 0 1 1 1 1 0 0 0 
0 0 1 1 1 0 0 0 0 
1 0 0 0 0 0 0 1 1 
Step=5
0 0 0 0 0 1 1 1 1 
C 0 1 1 0 0 T 1 1 
0 1 1 1 0 0 0 0 0 
0 1 1 0 0 1 1 0 0 
0 0 0 0 1 1 1 0 0 
0 0 1 1 1 1 0 0 0 
0 0 1 1 1 0 0 0 0 
1 0 0 0 0 0 0 1 1 
Step=5
0 0 0 0 0 1 1 1 1 
0 0 1 1 0 0 T 1 1 
0 1 1 1 0 0 0 0 0 
C 1 1 0 0 1 1 0 0 
0 0 0 0 1 1 1 0 0 
0 0 1 1 1 1 0 0 0 
0 0 1 1 1 0 0 0 0 
1 0 0 0 0 0 0 1 1 
Step=5
0 0 0 0 0 1 1 1 1 
0 0 1 1 0 0 T 1 1 
0 1 1 1 0 0 0 0 0 
C 1 1 0 0 1 1 0 0 
0 0 0 0 1 1 1 0 0 
0 0 1 1 1 1 0 0 0 
0 0 1 1 1 0 0 0 0 
1 0 0 0 0 0 0 1 1 
Step=5
C 0 0 0 0 1 1 1 1 
0 0 1 1 0 0 T 1 1 
0 1 1 1 0 0 0 0 0 
0 1 1 0 0 1 1 0 0 
0 0 0 0 1 1 1 0 0 
0 0 1 1 1 1 0 0 0 
0 0 1 1 1 0 0 0 0 
1 0 0 0 0 0 0 1 1 
Step=5
0 0 0 0 0 1 1 1 1 
0 0 1 1 0 0 T 1 1 
0 1 1 1 0 0 0 0 0 
0 1 1 0 0 1 1 0 0 
0 0 0 0 1 1 1 0 0 
0 0 1 1 1 1 0 0 0 
0 0 1 1 1 0 0 0 0 
1 0 C 0 0 0 0 1 1 
Step=5
0 0 0 0 0 1 1 1 1 
0 0 1 1 0 0 T 1 1 
0 1 1 1 0 0 0 0 0 
0 1 1 0 0 1 1 0 0 
0 0 C 0 1 1 1 0 0 
0 0 1 1 1 1 0 0 0 
0 0 1 1 1 0 0 0 0 
1 0 0 0 0 0 0 1 1 
Step=5
0 0 0 0 0 1 1 1 1 
0 0 1 1 0 0 T 1 1 
0 1 1 1 0 0 0 0 0 
0 1 1 0 0 1 1 0 0 
0 0 0 0 1 1 1 0 0 
0 0 1 1 1 1 0 0 0 
0 0 1 1 1 0 0 0 0 
1 0 0 0 0 C 0 1 1 
Step=5
0 0 0 0 0 1 1 1 1 
0 0 1 1 0 0 T 1 1 
0 1 1 1 0 0 0 0 0 
0 1 1 0 0 1 1 0 0 
0 0 0 0 1 1 1 0 0 
0 0 1 1 1 1 0 0 0 
0 0 1 1 1 0 0 0 0 
1 0 0 0 0 C 0 1 1 
Step=5
0 0 0 0 0 1 1 1 1 
0 0 1 1 0 0 T 1 1 
0 1 1 1 0 0 0 0 0 
0 1 1 0 0 1 1 0 0 
0 0 0 0 1 1 1 0 0 
0 0 1 1 1 1 0 0 0 
0 0 1 1 1 0 0 0 0 
1 0 0 C 0 0 0 1 1 
Step=5
0 0 0 0 0 1 1 1 1 
0 0 1 1 0 0 T 1 1 
0 1 1 1 0 0 0 0 0 
0 1 1 0 0 1 1 0 0 
0 0 0 C 1 1 1 0 0 
0 0 1 1 1 1 0 0 0 
0 0 1 1 1 0 0 0 0 
1 0 0 0 0 0 0 1 1 
Step=5
0 0 0 0 0 1 1 1 1 
0 0 1 1 0 0 T 1 1 
0 1 1 1 0 0 0 0 0 
0 1 1 0 0 1 1 0 0 
0 0 0 0 1 1 1 0 0 
0 0 1 1 1 1 0 0 0 
0 0 1 1 1 0 0 0 0 
1 0 0 0 0 0 C 1 1 
Step=5
0 0 0 0 0 1 1 1 1 
0 0 1 1 0 0 T 1 1 
0 1 1 1 0 0 0 0 0 
0 1 1 0 0 1 1 0 0 
0 0 0 0 1 1 1 0 0 
0 0 1 1 1 1 0 0 0 
0 0 1 1 1 0 0 0 0 
1 0 0 0 0 0 C 1 1 
Step=5
0 0 0 0 0 1 1 1 1 
0 0 1 1 0 0 T 1 1 
0 1 1 1 0 0 0 0 0 
0 1 1 0 0 1 1 0 0 
0 0 0 0 1 1 1 0 0 
0 0 1 1 1 1 0 0 0 
0 0 1 1 1 0 0 0 0 
1 0 0 0 C 0 0 1 1 
Step=5
0 0 0 0 0 1 1 1 1 
0 0 1 1 0 0 T 1 1 
0 1 1 1 0 0 0 0 0 
0 1 1 0 0 1 1 0 0 
0 0 0 0 1 1 1 0 0 
C 0 1 1 1 1 0 0 0 
0 0 1 1 1 0 0 0 0 
1 0 0 0 0 0 0 1 1 
Step=6
0 0 0 0 0 1 1 1 1 
0 0 1 1 0 0 T 1 1 
0 1 1 1 0 0 0 0 0 
0 1 1 0 0 1 1 0 0 
0 0 C 0 1 1 1 0 0 
0 0 1 1 1 1 0 0 0 
0 0 1 1 1 0 0 0 0 
1 0 0 0 0 0 0 1 1 
Step=6
0 0 0 0 0 1 1 1 1 
0 0 1 1 0 0 T 1 1 
0 1 1 1 0 0 0 0 0 
0 1 1 0 0 1 1 0 0 
0 0 0 C 1 1 1 0 0 
0 0 1 1 1 1 0 0 0 
0 0 1 1 1 0 0 0 0 
1 0 0 0 0 0 0 1 1 
Step=6
0 0 0 0 0 1 1 1 1 
0 0 1 1 0 0 T 1 1 
0 1 1 1 0 0 0 0 0 
0 1 1 0 0 1 1 0 0 
C 0 0 0 1 1 1 0 0 
0 0 1 1 1 1 0 0 0 
0 0 1 1 1 0 0 0 0 
1 0 0 0 0 0 0 1 1 
Step=6
0 0 0 0 0 1 1 1 1 
0 C 1 1 0 0 T 1 1 
0 1 1 1 0 0 0 0 0 
0 1 1 0 0 1 1 0 0 
0 0 0 0 1 1 1 0 0 
0 0 1 1 1 1 0 0 0 
0 0 1 1 1 0 0 0 0 
1 0 0 0 0 0 0 1 1 
Step=6
0 0 0 0 0 1 1 1 1 
0 0 1 1 C 0 T 1 1 
0 1 1 1 0 0 0 0 0 
0 1 1 0 0 1 1 0 0 
0 0 0 0 1 1 1 0 0 
0 0 1 1 1 1 0 0 0 
0 0 1 1 1 0 0 0 0 
1 0 0 0 0 0 0 1 1 
Step=6
0 0 0 0 0 1 1 1 1 
C 0 1 1 0 0 T 1 1 
0 1 1 1 0 0 0 0 0 
0 1 1 0 0 1 1 0 0 
0 0 0 0 1 1 1 0 0 
0 0 1 1 1 1 0 0 0 
0 0 1 1 1 0 0 0 0 
1 0 0 0 0 0 0 1 1 
Step=6
0 C 0 0 0 1 1 1 1 
0 0 1 1 0 0 T 1 1 
0 1 1 1 0 0 0 0 0 
0 1 1 0 0 1 1 0 0 
0 0 0 0 1 1 1 0 0 
0 0 1 1 1 1 0 0 0 
0 0 1 1 1 0 0 0 0 
1 0 0 0 0 0 0 1 1 
Step=6
0 C 0 0 0 1 1 1 1 
0 0 1 1 0 0 T 1 1 
0 1 1 1 0 0 0 0 0 
0 1 1 0 0 1 1 0 0 
0 0 0 0 1 1 1 0 0 
0 0 1 1 1 1 0 0 0 
0 0 1 1 1 0 0 0 0 
1 0 0 0 0 0 0 1 1 
Step=6
0 0 0 0 0 1 1 1 1 
0 0 1 1 0 0 T 1 1 
C 1 1 1 0 0 0 0 0 
0 1 1 0 0 1 1 0 0 
0 0 0 0 1 1 1 0 0 
0 0 1 1 1 1 0 0 0 
0 0 1 1 1 0 0 0 0 
1 0 0 0 0 0 0 1 1 
Step=6
0 0 0 0 0 1 1 1 1 
0 0 1 1 0 0 T 1 1 
C 1 1 1 0 0 0 0 0 
0 1 1 0 0 1 1 0 0 
0 0 0 0 1 1 1 0 0 
0 0 1 1 1 1 0 0 0 
0 0 1 1 1 0 0 0 0 
1 0 0 0 0 0 0 1 1 
Step=6
0 0 0 0 0 1 1 1 1 
C 0 1 1 0 0 T 1 1 
0 1 1 1 0 0 0 0 0 
0 1 1 0 0 1 1 0 0 
0 0 0 0 1 1 1 0 0 
0 0 1 1 1 1 0 0 0 
0 0 1 1 1 0 0 0 0 
1 0 0 0 0 0 0 1 1 
Step=6
0 0 0 0 0 1 1 1 1 
0 0 1 1 0 0 T 1 1 
0 1 1 1 0 0 0 0 0 
C 1 1 0 0 1 1 0 0 
0 0 0 0 1 1 1 0 0 
0 0 1 1 1 1 0 0 0 
0 0 1 1 1 0 0 0 0 
1 0 0 0 0 0 0 1 1 
Step=6
0 0 0 0 0 1 1 1 1 
0 0 1 1 0 0 T 1 1 
0 1 1 1 0 0 0 0 0 
0 1 1 C 0 1 1 0 0 
0 0 0 0 1 1 1 0 0 
0 0 1 1 1 1 0 0 0 
0 0 1 1 1 0 0 0 0 
1 0 0 0 0 0 0 1 1 
Step=6
C 0 0 0 0 1 1 1 1 
0 0 1 1 0 0 T 1 1 
0 1 1 1 0 0 0 0 0 
0 1 1 0 0 1 1 0 0 
0 0 0 0 1 1 1 0 0 
0 0 1 1 1 1 0 0 0 
0 0 1 1 1 0 0 0 0 
1 0 0 0 0 0 0 1 1 
Step=6
C 0 0 0 0 1 1 1 1 
0 0 1 1 0 0 T 1 1 
0 1 1 1 0 0 0 0 0 
0 1 1 0 0 1 1 0 0 
0 0 0 0 1 1 1 0 0 
0 0 1 1 1 1 0 0 0 
0 0 1 1 1 0 0 0 0 
1 0 0 0 0 0 0 1 1 
Step=6
0 0 0 0 0 1 1 1 1 
0 0 1 1 0 0 T 1 1 
0 1 1 1 0 0 0 0 0 
0 1 1 0 0 1 1 0 0 
0 0 C 0 1 1 1 0 0 
0 0 1 1 1 1 0 0 0 
0 0 1 1 1 0 0 0 0 
1 0 0 0 0 0 0 1 1 
Step=6
0 0 0 0 0 1 1 1 1 
0 0 1 1 0 0 T 1 1 
0 1 1 1 0 0 0 0 0 
0 1 1 0 0 1 1 0 0 
0 0 0 0 1 1 1 0 0 
0 0 1 1 1 1 0 0 0 
0 0 1 1 1 0 0 0 0 
1 0 0 0 0 C 0 1 1 
Step=6
0 0 0 0 0 1 1 1 1 
0 0 1 1 0 0 T 1 1 
0 1 1 1 0 0 0 0 0 
0 1 1 0 0 1 1 0 0 
0 0 0 0 1 1 1 0 0 
0 0 1 1 1 1 0 0 0 
0 0 1 1 1 C 0 0 0 
1 0 0 0 0 0 0 1 1 
Step=6
0 0 0 0 0 1 1 1 1 
0 0 1 1 0 0 T 1 1 
0 1 1 1 0 0 0 0 0 
0 1 1 0 0 1 1 0 0 
0 0 0 C 1 1 1 0 0 
0 0 1 1 1 1 0 0 0 
0 0 1 1 1 0 0 0 0 
1 0 0 0 0 0 0 1 1 
Step=6
0 0 0 0 0 1 1 1 1 
0 0 1 1 0 0 T 1 1 
0 1 1 1 0 0 0 0 0 
0 1 1 C 0 1 1 0 0 
0 0 0 0 1 1 1 0 0 
0 0 1 1 1 1 0 0 0 
0 0 1 1 1 0 0 0 0 
1 0 0 0 0 0 0 1 1 
Step=6
0 0 0 0 0 1 1 1 1 
0 0 1 1 0 0 T 1 1 
0 1 1 1 0 0 0 0 0 
0 1 1 0 0 1 1 0 0 
0 0 0 0 1 1 1 0 0 
0 0 1 1 1 1 0 0 0 
0 0 1 1 1 0 0 0 0 
1 0 0 0 0 0 C 1 1 
Step=6
0 0 0 0 0 1 1 1 1 
0 0 1 1 0 0 T 1 1 
0 1 1 1 0 0 0 0 0 
0 1 1 0 0 1 1 0 0 
0 0 0 0 1 1 1 0 0 
0 0 1 1 1 1 0 0 0 
0 0 1 1 1 0 C 0 0 
1 0 0 0 0 0 0 1 1 
Step=6
0 0 0 0 0 1 1 1 1 
0 0 1 1 0 0 T 1 1 
0 1 1 1 0 0 0 0 0 
0 1 1 0 0 1 1 0 0 
0 0 0 0 1 1 1 0 0 
0 0 1 1 1 1 C 0 0 
0 0 1 1 1 0 0 0 0 
1 0 0 0 0 0 0 1 1 
Step=6
0 0 0 0 0 1 1 1 1 
0 0 1 1 C 0 T 1 1 
0 1 1 1 0 0 0 0 0 
0 1 1 0 0 1 1 0 0 
0 0 0 0 1 1 1 0 0 
0 0 1 1 1 1 0 0 0 
0 0 1 1 1 0 0 0 0 
1 0 0 0 0 0 0 1 1 
Step=7
0 0 0 0 0 1 1 1 1 
0 0 1 1 C 0 T 1 1 
0 1 1 1 0 0 0 0 0 
0 1 1 0 0 1 1 0 0 
0 0 0 0 1 1 1 0 0 
0 0 1 1 1 1 0 0 0 
0 0 1 1 1 0 0 0 0 
1 0 0 0 0 0 0 1 1 
Step=7
0 0 0 0 0 1 1 1 1 
0 0 1 1 0 C T 1 1 
0 1 1 1 0 0 0 0 0 
0 1 1 0 0 1 1 0 0 
0 0 0 0 1 1 1 0 0 
0 0 1 1 1 1 0 0 0 
0 0 1 1 1 0 0 0 0 
1 0 0 0 0 0 0 1 1 
Step=7
7