1:X->Y
2:X->Z
1:Y->Z
3:X->Y
1:Z->X
2:Z->Y
1:X->Y
4:X->Z
1:Y->Z
2:Y->X
1:Z->X
3:Y->Z
1:X->Y
2:X->Z
1:Y->Z
5:X->Y
1:Z->X
2:Z->Y
1:X->Y
3:Z->X
1:Y->Z
2:Y->X
1:Z->X
4:Z->Y
1:X->Y
2:X->Z
1:Y->Z
3:X->Y
1:Z->X
2:Z->Y
1:X->Y
6:X->Z
1:Y->Z
2:Y->X
1:Z->X
3:Y->Z
1:X->Y
2:X->Z
1:Y->Z
4:Y->X
1:Z->X
2:Z->Y
1:X->Y
3:Z->X
1:Y->Z
2:Y->X
1:Z->X
5:Y->Z
1:X->Y
2:X->Z
1:Y->Z
3:X->Y
1:Z->X
2:Z->Y
1:X->Y
4:X->Z
1:Y->Z
2:Y->X
1:Z->X
3:Y->Z
1:X->Y
2:X->Z
1:Y->Z
7:X->Y
1:Z->X
2:Z->Y
1:X->Y
3:Z->X
1:Y->Z
2:Y->X
1:Z->X
4:Z->Y
1:X->Y
2:X->Z
1:Y->Z
3:X->Y
1:Z->X
2:Z->Y
1:X->Y
5:Z->X
1:Y->Z
2:Y->X
1:Z->X
3:Y->Z
1:X->Y
2:X->Z
1:Y->Z
4:Y->X
1:Z->X
2:Z->Y
1:X->Y
3:Z->X
1:Y->Z
2:Y->X
1:Z->X
6:Z->Y
1:X->Y
2:X->Z
1:Y->Z
3:X->Y
1:Z->X
2:Z->Y
1:X->Y
4:X->Z
1:Y->Z
2:Y->X
1:Z->X
3:Y->Z
1:X->Y
2:X->Z
1:Y->Z
5:X->Y
1:Z->X
2:Z->Y
1:X->Y
3:Z->X
1:Y->Z
2:Y->X
1:Z->X
4:Z->Y
1:X->Y
2:X->Z
1:Y->Z
3:X->Y
1:Z->X
2:Z->Y
1:X->Y
8:X->Z
1:Y->Z
2:Y->X
1:Z->X
3:Y->Z
1:X->Y
2:X->Z
1:Y->Z
4:Y->X
1:Z->X
2:Z->Y
1:X->Y
3:Z->X
1:Y->Z
2:Y->X
1:Z->X
5:Y->Z
1:X->Y
2:X->Z
1:Y->Z
3:X->Y
1:Z->X
2:Z->Y
1:X->Y
4:X->Z
1:Y->Z
2:Y->X
1:Z->X
3:Y->Z
1:X->Y
2:X->Z
1:Y->Z
6:Y->X
1:Z->X
2:Z->Y
1:X->Y
3:Z->X
1:Y->Z
2:Y->X
1:Z->X
4:Z->Y
1:X->Y
2:X->Z
1:Y->Z
3:X->Y
1:Z->X
2:Z->Y
1:X->Y
5:Z->X
1:Y->Z
2:Y->X
1:Z->X
3:Y->Z
1:X->Y
2:X->Z
1:Y->Z
4:Y->X
1:Z->X
2:Z->Y
1:X->Y
3:Z->X
1:Y->Z
2:Y->X
1:Z->X
7:Y->Z
1:X->Y
2:X->Z
1:Y->Z
3:X->Y
1:Z->X
2:Z->Y
1:X->Y
4:X->Z
1:Y->Z
2:Y->X
1:Z->X
3:Y->Z
1:X->Y
2:X->Z
1:Y->Z
5:X->Y
1:Z->X
2:Z->Y
1:X->Y
3:Z->X
1:Y->Z
2:Y->X
1:Z->X
4:Z->Y
1:X->Y
2:X->Z
1:Y->Z
3:X->Y
1:Z->X
2:Z->Y
1:X->Y
6:X->Z
1:Y->Z
2:Y->X
1:Z->X
3:Y->Z
1:X->Y
2:X->Z
1:Y->Z
4:Y->X
1:Z->X
2:Z->Y
1:X->Y
3:Z->X
1:Y->Z
2:Y->X
1:Z->X
5:Y->Z
1:X->Y
2:X->Z
1:Y->Z
3:X->Y
1:Z->X
2:Z->Y
1:X->Y
4:X->Z
1:Y->Z
2:Y->X
1:Z->X
3:Y->Z
1:X->Y
2:X->Z
1:Y->Z
9:X->Y
1:Z->X
2:Z->Y
1:X->Y
3:Z->X
1:Y->Z
2:Y->X
1:Z->X
4:Z->Y
1:X->Y
2:X->Z
1:Y->Z
3:X->Y
1:Z->X
2:Z->Y
1:X->Y
5:Z->X
1:Y->Z
2:Y->X
1:Z->X
3:Y->Z
1:X->Y
2:X->Z
1:Y->Z
4:Y->X
1:Z->X
2:Z->Y
1:X->Y
3:Z->X
1:Y->Z
2:Y->X
1:Z->X
6:Z->Y
1:X->Y
2:X->Z
1:Y->Z
3:X->Y
1:Z->X
2:Z->Y
1:X->Y
4:X->Z
1:Y->Z
2:Y->X
1:Z->X
3:Y->Z
1:X->Y
2:X->Z
1:Y->Z
5:X->Y
1:Z->X
2:Z->Y
1:X->Y
3:Z->X
1:Y->Z
2:Y->X
1:Z->X
4:Z->Y
1:X->Y
2:X->Z
1:Y->Z
3:X->Y
1:Z->X
2:Z->Y
1:X->Y
7:Z->X
1:Y->Z
2:Y->X
1:Z->X
3:Y->Z
1:X->Y
2:X->Z
1:Y->Z
4:Y->X
1:Z->X
2:Z->Y
1:X->Y
3:Z->X
1:Y->Z
2:Y->X
1:Z->X
5:Y->Z
1:X->Y
2:X->Z
1:Y->Z
3:X->Y
1:Z->X
2:Z->Y
1:X->Y
4:X->Z
1:Y->Z
2:Y->X
1:Z->X
3:Y->Z
1:X->Y
2:X->Z
1:Y->Z
6:Y->X
1:Z->X
2:Z->Y
1:X->Y
3:Z->X
1:Y->Z
2:Y->X
1:Z->X
4:Z->Y
1:X->Y
2:X->Z
1:Y->Z
3:X->Y
1:Z->X
2:Z->Y
1:X->Y
5:Z->X
1:Y->Z
2:Y->X
1:Z->X
3:Y->Z
1:X->Y
2:X->Z
1:Y->Z
4:Y->X
1:Z->X
2:Z->Y
1:X->Y
3:Z->X
1:Y->Z
2:Y->X
1:Z->X
8:Z->Y
1:X->Y
2:X->Z
1:Y->Z
3:X->Y
1:Z->X
2:Z->Y
1:X->Y
4:X->Z
1:Y->Z
2:Y->X
1:Z->X
3:Y->Z
1:X->Y
2:X->Z
1:Y->Z
5:X->Y
1:Z->X
2:Z->Y
1:X->Y
3:Z->X
1:Y->Z
2:Y->X
1:Z->X
4:Z->Y
1:X->Y
2:X->Z
1:Y->Z
3:X->Y
1:Z->X
2:Z->Y
1:X->Y
6:X->Z
1:Y->Z
2:Y->X
1:Z->X
3:Y->Z
1:X->Y
2:X->Z
1:Y->Z
4:Y->X
1:Z->X
2:Z->Y
1:X->Y
3:Z->X
1:Y->Z
2:Y->X
1:Z->X
5:Y->Z
1:X->Y
2:X->Z
1:Y->Z
3:X->Y
1:Z->X
2:Z->Y
1:X->Y
4:X->Z
1:Y->Z
2:Y->X
1:Z->X
3:Y->Z
1:X->Y
2:X->Z
1:Y->Z
7:X->Y
1:Z->X
2:Z->Y
1:X->Y
3:Z->X
1:Y->Z
2:Y->X
1:Z->X
4:Z->Y
1:X->Y
2:X->Z
1:Y->Z
3:X->Y
1:Z->X
2:Z->Y
1:X->Y
5:Z->X
1:Y->Z
2:Y->X
1:Z->X
3:Y->Z
1:X->Y
2:X->Z
1:Y->Z
4:Y->X
1:Z->X
2:Z->Y
1:X->Y
3:Z->X
1:Y->Z
2:Y->X
1:Z->X
6:Z->Y
1:X->Y
2:X->Z
1:Y->Z
3:X->Y
1:Z->X
2:Z->Y
1:X->Y
4:X->Z
1:Y->Z
2:Y->X
1:Z->X
3:Y->Z
1:X->Y
2:X->Z
1:Y->Z
5:X->Y
1:Z->X
2:Z->Y
1:X->Y
3:Z->X
1:Y->Z
2:Y->X
1:Z->X
4:Z->Y
1:X->Y
2:X->Z
1:Y->Z
3:X->Y
1:Z->X
2:Z->Y
1:X->Y
10:X->Z
1:Y->Z
2:Y->X
1:Z->X
3:Y->Z
1:X->Y
2:X->Z
1:Y->Z
4:Y->X
1:Z->X
2:Z->Y
1:X->Y
3:Z->X
1:Y->Z
2:Y->X
1:Z->X
5:Y->Z
1:X->Y
2:X->Z
1:Y->Z
3:X->Y
1:Z->X
2:Z->Y
1:X->Y
4:X->Z
1:Y->Z
2:Y->X
1:Z->X
3:Y->Z
1:X->Y
2:X->Z
1:Y->Z
6:Y->X
1:Z->X
2:Z->Y
1:X->Y
3:Z->X
1:Y->Z
2:Y->X
1:Z->X
4:Z->Y
1:X->Y
2:X->Z
1:Y->Z
3:X->Y
1:Z->X
2:Z->Y
1:X->Y
5:Z->X
1:Y->Z
2:Y->X
1:Z->X
3:Y->Z
1:X->Y
2:X->Z
1:Y->Z
4:Y->X
1:Z->X
2:Z->Y
1:X->Y
3:Z->X
1:Y->Z
2:Y->X
1:Z->X
7:Y->Z
1:X->Y
2:X->Z
1:Y->Z
3:X->Y
1:Z->X
2:Z->Y
1:X->Y
4:X->Z
1:Y->Z
2:Y->X
1:Z->X
3:Y->Z
1:X->Y
2:X->Z
1:Y->Z
5:X->Y
1:Z->X
2:Z->Y
1:X->Y
3:Z->X
1:Y->Z
2:Y->X
1:Z->X
4:Z->Y
1:X->Y
2:X->Z
1:Y->Z
3:X->Y
1:Z->X
2:Z->Y
1:X->Y
6:X->Z
1:Y->Z
2:Y->X
1:Z->X
3:Y->Z
1:X->Y
2:X->Z
1:Y->Z
4:Y->X
1:Z->X
2:Z->Y
1:X->Y
3:Z->X
1:Y->Z
2:Y->X
1:Z->X
5:Y->Z
1:X->Y
2:X->Z
1:Y->Z
3:X->Y
1:Z->X
2:Z->Y
1:X->Y
4:X->Z
1:Y->Z
2:Y->X
1:Z->X
3:Y->Z
1:X->Y
2:X->Z
1:Y->Z
8:Y->X
1:Z->X
2:Z->Y
1:X->Y
3:Z->X
1:Y->Z
2:Y->X
1:Z->X
4:Z->Y
1:X->Y
2:X->Z
1:Y->Z
3:X->Y
1:Z->X
2:Z->Y
1:X->Y
5:Z->X
1:Y->Z
2:Y->X
1:Z->X
3:Y->Z
1:X->Y
2:X->Z
1:Y->Z
4:Y->X
1:Z->X
2:Z->Y
1:X->Y
3:Z->X
1:Y->Z
2:Y->X
1:Z->X
6:Z->Y
1:X->Y
2:X->Z
1:Y->Z
3:X->Y
1:Z->X
2:Z->Y
1:X->Y
4:X->Z
1:Y->Z
2:Y->X
1:Z->X
3:Y->Z
1:X->Y
2:X->Z
1:Y->Z
5:X->Y
1:Z->X
2:Z->Y
1:X->Y
3:Z->X
1:Y->Z
2:Y->X
1:Z->X
4:Z->Y
1:X->Y
2:X->Z
1:Y->Z
3:X->Y
1:Z->X
2:Z->Y
1:X->Y
7:Z->X
1:Y->Z
2:Y->X
1:Z->X
3:Y->Z
1:X->Y
2:X->Z
1:Y->Z
4:Y->X
1:Z->X
2:Z->Y
1:X->Y
3:Z->X
1:Y->Z
2:Y->X
1:Z->X
5:Y->Z
1:X->Y
2:X->Z
1:Y->Z
3:X->Y
1:Z->X
2:Z->Y
1:X->Y
4:X->Z
1:Y->Z
2:Y->X
1:Z->X
3:Y->Z
1:X->Y
2:X->Z
1:Y->Z
6:Y->X
1:Z->X
2:Z->Y
1:X->Y
3:Z->X
1:Y->Z
2:Y->X
1:Z->X
4:Z->Y
1:X->Y
2:X->Z
1:Y->Z
3:X->Y
1:Z->X
2:Z->Y
1:X->Y
5:Z->X
1:Y->Z
2:Y->X
1:Z->X
3:Y->Z
1:X->Y
2:X->Z
1:Y->Z
4:Y->X
1:Z->X
2:Z->Y
1:X->Y
3:Z->X
1:Y->Z
2:Y->X
1:Z->X
9:Y->Z
1:X->Y
2:X->Z
1:Y->Z
3:X->Y
1:Z->X
2:Z->Y
1:X->Y
4:X->Z
1:Y->Z
2:Y->X
1:Z->X
3:Y->Z
1:X->Y
2:X->Z
1:Y->Z
5:X->Y
1:Z->X
2:Z->Y
1:X->Y
3:Z->X
1:Y->Z
2:Y->X
1:Z->X
4:Z->Y
1:X->Y
2:X->Z
1:Y->Z
3:X->Y
1:Z->X
2:Z->Y
1:X->Y
6:X->Z
1:Y->Z
2:Y->X
1:Z->X
3:Y->Z
1:X->Y
2:X->Z
1:Y->Z
4:Y->X
1:Z->X
2:Z->Y
1:X->Y
3:Z->X
1:Y->Z
2:Y->X
1:Z->X
5:Y->Z
1:X->Y
2:X->Z
1:Y->Z
3:X->Y
1:Z->X
2:Z->Y
1:X->Y
4:X->Z
1:Y->Z
2:Y->X
1:Z->X
3:Y->Z
1:X->Y
2:X->Z
1:Y->Z
7:X->Y
1:Z->X
2:Z->Y
1:X->Y
3:Z->X
1:Y->Z
2:Y->X
1:Z->X
4:Z->Y
1:X->Y
2:X->Z
1:Y->Z
3:X->Y
1:Z->X
2:Z->Y
1:X->Y
5:Z->X
1:Y->Z
2:Y->X
1:Z->X
3:Y->Z
1:X->Y
2:X->Z
1:Y->Z
4:Y->X
1:Z->X
2:Z->Y
1:X->Y
3:Z->X
1:Y->Z
2:Y->X
1:Z->X
6:Z->Y
1:X->Y
2:X->Z
1:Y->Z
3:X->Y
1:Z->X
2:Z->Y
1:X->Y
4:X->Z
1:Y->Z
2:Y->X
1:Z->X
3:Y->Z
1:X->Y
2:X->Z
1:Y->Z
5:X->Y
1:Z->X
2:Z->Y
1:X->Y
3:Z->X
1:Y->Z
2:Y->X
1:Z->X
4:Z->Y
1:X->Y
2:X->Z
1:Y->Z
3:X->Y
1:Z->X
2:Z->Y
1:X->Y
8:X->Z
1:Y->Z
2:Y->X
1:Z->X
3:Y->Z
1:X->Y
2:X->Z
1:Y->Z
4:Y->X
1:Z->X
2:Z->Y
1:X->Y
3:Z->X
1:Y->Z
2:Y->X
1:Z->X
5:Y->Z
1:X->Y
2:X->Z
1:Y->Z
3:X->Y
1:Z->X
2:Z->Y
1:X->Y
4:X->Z
1:Y->Z
2:Y->X
1:Z->X
3:Y->Z
1:X->Y
2:X->Z
1:Y->Z
6:Y->X
1:Z->X
2:Z->Y
1:X->Y
3:Z->X
1:Y->Z
2:Y->X
1:Z->X
4:Z->Y
1:X->Y
2:X->Z
1:Y->Z
3:X->Y
1:Z->X
2:Z->Y
1:X->Y
5:Z->X
1:Y->Z
2:Y->X
1:Z->X
3:Y->Z
1:X->Y
2:X->Z
1:Y->Z
4:Y->X
1:Z->X
2:Z->Y
1:X->Y
3:Z->X
1:Y->Z
2:Y->X
1:Z->X
7:Y->Z
1:X->Y
2:X->Z
1:Y->Z
3:X->Y
1:Z->X
2:Z->Y
1:X->Y
4:X->Z
1:Y->Z
2:Y->X
1:Z->X
3:Y->Z
1:X->Y
2:X->Z
1:Y->Z
5:X->Y
1:Z->X
2:Z->Y
1:X->Y
3:Z->X
1:Y->Z
2:Y->X
1:Z->X
4:Z->Y
1:X->Y
2:X->Z
1:Y->Z
3:X->Y
1:Z->X
2:Z->Y
1:X->Y
6:X->Z
1:Y->Z
2:Y->X
1:Z->X
3:Y->Z
1:X->Y
2:X->Z
1:Y->Z
4:Y->X
1:Z->X
2:Z->Y
1:X->Y
3:Z->X
1:Y->Z
2:Y->X
1:Z->X
5:Y->Z
1:X->Y
2:X->Z
1:Y->Z
3:X->Y
1:Z->X
2:Z->Y
1:X->Y
4:X->Z
1:Y->Z
2:Y->X
1:Z->X
3:Y->Z
1:X->Y
2:X->Z
1:Y->Z
