-125083208250
-124082707751
-122081706757
-119080205275
-115078203315
-110075700890
-104072698016
-97069194712
-89065191000
-80060686905
-70055682455
-59050177681
-47044172617
-34037667300
-20030661770
-5023156070
10984849754
27993355653
46002361575
65011867465
85021873265
106032378914
128043384348
151054889500
175066894300
200079398675
226092402549
253105905843
281119908475
310134410360
340149411410
371164911534
403180910638
436197408625
470214405395
505231900845
541249894869
578268387358
616287378200
655306867280
695326854480
736347339679
778368322753
821389803575
865411782015
910434257940
956457231214
1003480701698
1051504669250
1100529133725
1150554094975
1201579552849
1253605507193
1306631957850
1360658904660
1415686347460
1471714286084
1528742720363
1586771650125
1645801075195
1705830995395
1766861410544
1828892320458
1891923724950
1955955623830
2020988016905
2087020903979
2154054284853
2222088159325
2291122527190
2361157388240
2432192742264
2504228589048
2577264928375
2651301760025
2726339083775
2802376899399
2879415206668
2957454005350
3036493295210
3116533076010
3197573347509
3279614109463
3362655361625
3446697103745
3531739335570
3617782056844
3704825267308
3792868966700
3881913154755
3971957831205
4063002995779
4155048648203
4248094788200
4342141415490
4437188529790
4533236130814
4630284218273
4728332791875
4827381851325
4927431396325
5028481426574
5130531941768
5233582941600
5337634425760
5442686393935
5548738845809
5655791781063
5763845199375
5872899100420
5982953483870
6094008349394
6206063696658
6319119525325
6433175835055
6548232625505
6664289896329
6781347647178
6899405877700
7018464587540
7138523776340
7259583443739
7381643589373
7504704212875
7628765313875
7753826892000
7879888946874
8006951478118
8135014485350
8264077968185
8394141926235
8525206359109
8657271266413
8790336647750
8924402502720
9059468830920
9195535631944
9332602905383
9470670650825
9609738867855
9749807556055
9890876715004
10032946344278
10176016443450
10320087012090
10465158049765
10611229556039
10758301530473
10906373972625
11055446882050
11205520258300
11356594100924
11508668409468
11661743183475
11815818422485
11970894126035
12126970293659
12284046924888
12442124019250
12601201576270
12761279595470
12922358076369
13084437018483
13247516421325
13411596284405
13576676607230
13742757389304
13909838630128
14077920329200
14247002486015
14417085100065
14588168170839
14760251697823
14933335680500
15107420118350
15282505010850
15458590357474
15635676157693
15813762410975
15992849116785
16172936274585
16354023883834
16536111943988
16719200454500
16903289414820
17088378824395
17274468682669
17461558989083
17649649743075
17838740944080
18028832591530
18219924684854
18412017223478
18605110206825
18799203634315
18994297505365
19190391819389
19387486575798
19585581774000
19784677413400
19984773493400
20185870013399
20387966972793
20591064370975
20795162207335
21000260481260
21206359192134
21413458339338
21621557922250
21830657940245
22040758392695
22251859278969
22463960598433
22677062350450
22891164534380
23106267149580
23322370195404
23539473671203
23757577576325
23976681910115
24196786671915
24417891861064
24639997476898
24863103518750
25087209985950
25312316877825
25538424193699
25765531932893
25993640094725
26222748678510
26452857683560
26683967109184
26916076954688
27149187219375
27383297902545
27618409003495
27854520521519
28091632455908
28329744805950
28568857570930
28808970750130
29050084342829
29292198348303
29535312765825
29779427594665
30024542834090
30270658483364
30517774541748
30765891008500
31015007882875
31265125164125
31516242851499
31768360944243
32021479441600
32275598342810
32530717647110
32786837353734
33043957461913
33302077970875
33561198879845
33821320188045
34082441894694
34344563999008
34607686500200
34871809397480
35136932690055
35403056377129
35670180457903
35938304931575
36207429797340
36477555054390
36748680701914
37020806739098
37293933165125
37568059979175
37843187180425
38119314768049
38396442741218
38674571099100
38953699840860
39233828965660
39514958472659
39797088361013
40080218629875
40364349278395
40649480305720
40935611710994
41222743493358
41510875651950
41800008185905
42090141094355
42381274376429
42673408031253
42966542057950
43260676455640
43555811223440
43851946360464
44149081865823
44447217738625
44746353977975
45046490582975
45347627552724
45649764886318
45952902582850
46257040641410
46562179061085
46868317840959
47175456980113
47483596477625
47792736332570
48102876544020
48414017111044
48726158032708
49039299308075
49353440936205
49668582916155
49984725246979
50301867927728
50620010957450
50939154335190
51259298059990
51580442130889
51902586546923
52225731307125
52549876410525
52875021856150
53201167643024
53528313770168
53856460236600
54185607041335
54515754183385
54846901661759
55179049475463
55512197623500
55846346104870
56181494918570
56517644063594
56854793538933
57192943343575
57532093476505
57872243936705
58213394723154
58555545834828
58898697270700
59242849029740
59588001110915
59934153513189
60281306235523
60629459276875
60978612636200
61328766312450
61679920304574
62032074611518
62385229232225
62739384165635
63094539410685
63450694966309
63807850831438
64166007005000
64525163485920
64885320273120
65246477365519
65608634762033
65971792461575
66335950463055
66701108765380
67067267367454
67434426268178
67802585466450
68171744961165
68541904751215
68913064835489
69285225212873
69658385882250
70032546842500
70407708092500
70783869631124
71161031457243
71539193569725
71918355967435
72298518649235
72679681613984
73061844860538
73445008387750
73829172194470
74214336279545
74600500641819
74987665280133
75375830193325
75764995380230
76155160839680
76546326570504
76938492571528
77331658841575
77725825379465
78120992184015
78517159254039
78914326588348
79312494185750
79711662045050
80111830165050
80512998544549
80915167182343
81318336077225
81722505227985
82127674633410
82533844292284
82941014203388
83349184365500
83758354777395
84168525437845
84579696345619
84991867499483
85405038898200
85819210540530
86234382425230
86650554551054
87067726916753
87485899521075
87905072362765
88325245440565
88746418753214
89168592299448
89591766078000
90015940087600
90441114326975
90867288794849
91294463489943
91722638410975
92151813556660
92581988925710
93013164516834
93445340328738
93878516360125
94312692609695
94747869076145
95184045758169
95621222654458
96059399763700
96498577084580
96938754615780
97379932355979
97822110303853
98265288458075
98709466817315
99154645380240
99600824145514
100048003111798
100496182277750
100945361642025
101395541203275
101846720960149
102298900911293
102752081055350
103206261390960
103661441916760
104117622631384
104574803533463
105032984621625
105492165894495
105952347350695
106413528988844
106875710807558
107338892805450
107803074981130
108268257333205
108734439860279
109201622560953
109669805433825
110138988477490
110609171690540
111080355071564
111552538619148
112025722331875
112499906208325
112975090247075
113451274446699
113928458805768
114406643322850
114885827996510
115366012825310
115847197807809
116329382942563
116812568228125
117296753663045
117781939245870
118268124975144
118755310849408
119243496867200
119732683027055
120222869327505
120714055767079
121206242344303
121699429057700
122193615905790
122688802887090
123184990000114
123682177243373
124180364615375
124679552114625
125179739739625
125680927488874
126183115360868
126686303354100
127190491467060
127695679698235
128201868046109
128709056509163
129217245085875
129726433774720
130236622574170
130747811482694
131260000498758
131773189620825
132287378847355
132802568176805
133318757607629
133835947138278
134354136767200
134873326492840
135393516313640
135914706228039
136436896234473
136960086331375
137484276517175
138009466790300
138535657149174
139062847592218
139591038117850
140120228724485
140650419410535
141181610174409
141713801014513
142246991929250
142781182917020
143316373976220
143852565105244
144389756302483
144927947566325
145467138895155
146007330287355
146548521741304
147090713255378
147633904827950
148178096457390
148723288142065
149269479880339
149816671670573
150364863511125
150914055400350
151464247336600
152015439318224
152567631343568
153120823410975
153675015518785
154230207665335
154786399848959
155343592067988
155901784320750
156460976605570
157021168920770
157582361264669
158144553635583
158707746031825
159271938451705
159837130893530
160403323355604
160970515836228
161538708333700
162107900846315
162678093372365
163249285910139
163821478457923
164394671014000
164968863576650
165544056144150
166120248714774
166697441286793
167275633858475
167854826428085
168435018993885
169016211554134
169598404107088
170181596651000
170765789184120
171350981704695
171937174210969
172524366701183
173112559173575
173701751626380
174291944057830
174883136466154
175475328849578
176068521206325
176662713534615
177257905832665
177854098098689
178451290330898
179049482527500
179648674686700
180248866806700
180850058885699
181452250921893
182055442913475
182659634858635
183264826755560
183871018602434
184478210397438
185086402138750
185695593824545
186305785452995
186916977022269
187529168530533
188142359975950
188756551356680
189371742670880
189987933916704
190605125092303
191223316195825
191842507225415
192462698179215
193083889055364
193706079851998
194329270567250
194953461199250
195578651746125
196204842205999
196832032576993
197460222857225
198089413044810
198719603137860
199350793134484
199982983032788
200616172830875
201250362526845
201885552118795
202521741604819
203158930983008
203797120251450
204436309408230
205076498451430
205717687379129
206359876189403
207003064880325
207647253449965
208292441896390
208938630217664
209585818411848
210234006477000
210883194411175
211533382212425
212184569878799
212836757408343
213489944799100
214144132049110
214799319156410
215455506119034
216112692935013
216770879602375
217430066119145
218090252483345
218751438692994
219413624746108
220076810640700
220740996374780
221406181946355
222072367353429
222739552594003
223407737666075
224076922567640
224747107296690
225418291851214
226090476229198
226763660428625
227437844447475
228113028283725
228789211935349
229466395400318
230144578676600
230823761762160
231503944654960
232185127352959
232867309854113
233550492156375
234234674257695
234919856156020
235606037849294
236293219335458
236981400612450
237670581678205
238360762530655
239051943167729
239744123587353
240437303787450
241131483765940
241826663520740
242522843049764
243220022350923
243918201422125
244617380261275
245317558866275
246018737235024
246720915365418
247424093255350
248128270902710
248833448305385
249539625461259
250246802368213
250954979024125
251664155426870
252374331574320
253085507464344
253797683094808
254510858463575
255225033568505
255940208407455
256656382978279
257373557278828
258091731306950
258810905060490
259531078537290
260252251735189
260974424652023
261697597285625
262421769633825
263146941694450
263873113465324
264600284944268
265328456129100
266057627017635
266787797607685
267518967897059
268251137883563
268984307565000
269718476939170
270453646003870
271189814756894
271926983196033
272665151319075
273404319123805
274144486608005
274885653769454
275627820605928
276370987115200
277115153295040
277860319143215
278606484657489
279353649835623
280101814675375
280850979174500
281601143330750
282352307141874
283104470605618
283857633719725
284611796481935
285366958889985
286123120941609
286880282634538
287638443966500
288397604935220
289157765538420
289918925773819
290681085639133
291444245132075
292208404250355
292973562991680
293739721353754
294506879334278
295275036930950
296044194141465
296814350963515
297585507394789
298357663432973
299130819075750
299904974320800
300680129165800
301456283608424
302233437646343
303011591277225
303790744498735
304570897308535
305352049704284
306134201683638
306917353244250
307701504383770
308486655099845
309272805390119
310059955252233
310848104683825
311637253682530
312427402245980
313218550371804
314010698057628
314803845301075
315597992099765
316393138451315
317189284353339
317986429803448
318784574799250
319583719338350
320383863418350
321185007036849
321987150191443
322790292879725
323594435099285
324399576847710
325205718122584
326012858921488
326820999242000
327630139081695
328440278438145
329251417308919
330063555691583
330876693583700
331690830982830
332505967886530
333322104292354
334139240197853
334957375600575
335776510498065
336596644887865
337417778767514
338239912134548
339063044986500
339887177320900
340712309135275
341538440427149
342365571194043
343193701433475
344022831142960
344852960320010
345684088962134
346516217066838
347349344631625
348183471653995
349018598131445
349854724061469
350691849441558
351529974269200
352369098541880
353209222257080
354050345412279
354892468004953
355735590032575
356579711492615
357424832382540
358270952699814
359118072441898
359966191606250
360815310190325
361665428191575
362516545607449
363368662435393
364221778672850
365075894317260
365931009366060
366787123816684
367644237666563
368502350913125
369361463553795
370221575585995
371082687007144
371944797814658
372807908005950
373672017578430
374537126529505
375403234856579
376270342557053
377138449628325
378007556067790
378877661872840
379748767040864
380620871569248
381493975455375
382368078696625
383243181290375
384119283233999
384996384524868
385874485160350
386753585137810
387633684454610
388514783108109
389396881095663
390279978414625
391164075062345
392049171036170
392935266333444
393822360951508
394710454887700
395599548139355
396489640703805
397380732578379
398272823760403
399165914247200
400060004036090
400955093124390
401851181509414
402748269188473
403646356158875
404545442417925
405445527962925
406346612791174
407248696899968
408151780286600
409055862948360
409960944882535
410867026086409
411774106557263
412682186292375
413591265289020
414501343544470
415412421055994
416324497820858
417237573836325
418151649099655
419066723608105
419982797358929
420899870349378
421817942576700
422737014038140
423657084730940
424578154652339
425500223799573
426423292169875
427347359760475
428272426568600
429198492591474
430125557826318
431053622270350
431982685920785
432912748774835
433843810829709
434775872082613
435708932530750
436642992171320
437578051001520
438514109018544
439451166219583
440389222601825
441328278162455
442268332898655
443209386807604
444151439886478
445094492132450
446038543542690
446983594114365
447929643844639
448876692730673
449824740769625
450773787958650
451723834294900
452674879775524
453626924397668
454579968158475
455534011055085
456489053084635
457445094244259
458402134531088
459360173942250
460319212474870
461279250126070
462240286892969
463202322772683
464165357762325
465129391859005
466094425059830
467060457361904
468027488762328
468995519258200
469964548846615
470934577524665
471905605289439
472877632138023
473850658067500
474824683074950
475799707157450
476775730312074
477752752535893
478730773825975
479709794179385
480689813593185
481670832064434
482652849590188
483635866167500
484619881793420
485604896464995
486590910179269
487577922933283
488565934724075
489554945548680
490544955404130
491535964287454
492527972195678
493520979125825
494514985074915
495509990039965
496505994017989
497502997005998
498500999001000
499500000000000
