1
1
2
3
6
11
24
47
103
214
481
1030
2337
5131
11813
26329
60958
137821
321690
734428
1721998
3966556
9352353
21683445
51296030
119663812
284198136
666132304
587986170
739861182
933890451
112151175
529219192
795547001
385614340
237265583
853199257
797260014
693843913
577820864
536278686
429379386
329617940
940448042
475524754
765541936
145918995
7727169
381784498
173258198
839932061
849619058
797012591
978075845
752869565
48665699
127561205
10511238
707172551
780350765
370250304
88591348
454630098
121390107
141883834
915620763
363702456
788035419
848983078
902868269
192716548
956779078
931120473
889724273
193863013
601171576
578535892
881084949
670467112
799988283
350052964
683951642
720563739
904965892
804287226
909752628
15962298
930823831
281283212
249739261
683691275
201411088
662867730
621856112
729701354
60141602
730858895
434170882
924385356
662329919
848080021
440420962
484485556
558718518
749962593
920844825
573073269
384658157
623525981
374668096
989922189
988919577
235725408
461337713
469550447
389045732
633688176
329717859
526261792
834156320
923374923
992856086
543967285
933083798
246965276
986746094
401361530
680036314
562247519
447041691
485693697
985599252
611306434
315983846
727880476
813640300
290332989
702846752
851401883
167577431
620892259
104285558
559232244
292922501
565060218
302284242
268158364
563200371
390337986
981389848
26515386
455276472
506155520
685103162
339538410
331565987
383725320
204199748
584422560
697178550
493176506
551858612
106813404
424151600
117404758
548188949
969149646
90623779
577493194
893572421
24544148
466372855
217862146
253711308
278397760
12852627
762998359
340398922
995269195
425018681
398971214
652544964
353518248
778564695
992657444
34831193
766663611
931441198
373301324
181536858
41275874
10338360
372465153
949966688
966780235
642446227
285049281
488546042
362734019
827056184
117352165
223127080
837722911
5077969
888140981
871042974
689260419
869146812
880925316
270812429
525218153
383593807
971059448
263804164
937095179
499880145
127256390
637733208
402235379
924065642
23386845
350294391
755629842
93969411
939253491
856775079
170818416
324380015
677505603
28997721
163809795
262818418
664109168
341691972
35139544
673581446
244906298
439818753
163169790
203814427
718562113
872095496
761113946
446388959
370749415
134029159
154752770
570873894
40862344
441892287
866794486
329389772
789262990
782435321
613223461
871541136
200433393
382339818
2572984
465737650
912686360
619854092
62987789
388511503
590412224
342874498
302584359
555306190
631255535
147934879
133031688
610767667
688242826
57874391
951750690
614516336
797867621
333655662
383968511
956882221
961502299
377841844
108203409
672726826
392151541
640021085
663455328
625732706
9108180
972396319
578088655
920746882
615876105
745151550
501039532
264962283
279904566
408544872
95093889
20786430
862914614
464893239
458338971
49194771
692503801
218662386
396457445
777073045
558545907
149219620
319567667
29054389
408654865
464707999
105160030
941982473
320648015
742257667
598022575
99021490
907707628
930272949
812226339
219724528
875544916
139392773
527630190
97195755
971214745
996191640
970181826
403715867
461773708
543026883
680755154
345071130
794729054
931725068
656157305
671857757
675180917
943532631
19890793
268629412
264039275
609725973
696850755
846341302
669809475
811971725
339382405
163454814
570673387
710993003
707871074
897227923
547288650
898080502
234707836
515839463
497536953
795216095
978475542
975000093
677159519
465439652
744479734
316817296
22532299
324110621
701451321
166902930
172110175
896874728
342493147
395595845
557097170
743043468
823040932
388976480
143230701
70580388
522901776
526220084
628844366
47705984
646626416
593146020
379138007
602896689
575961552
163172932
214038902
950124328
265793409
752431051
363068518
101048096
773802592
914143242
778391585
57938007
806562048
283240315
527134247
650041382
573510164
399169683
97690566
533913424
763534365
45642962
900299714
641814633
856658419
798909836
360954087
236555839
11757478
450975941
625657788
837038199
597630260
724467350
780421605
721755656
274946558
145974929
94309608
768562613
82098711
663589385
489766012
425608520
535800160
232865544
462886170
245475436
339965440
178670215
407107987
503566935
408551178
756095917
895843102
698550881
256549986
750639692
736232140
840440522
981447442
625824051
742881256
902599212
607103625
884180758
38119088
541016730
398432368
38088340
833144736
464924687
505944647
651128823
202778732
696632090
423388702
874380892
543284802
272286128
753542787
161665092
519138235
303000210
40509198
112657662
920610577
194126786
118398351
338043608
771232325
331021544
583117136
919174698
458286682
958306049
179837137
623286238
318583015
99083875
338570614
712971328
947889418
348948804
363960370
465981384
963513588
666800432
512981233
385729324
147398827
833459143
107364444
494816104
463067612
745143630
573493899
670764359
33614667
283895950
158115972
352450754
974582869
939034503
27771007
849899347
960448847
731036769
484457360
166747956
563642319
94852564
190791583
901932513
468550867
81638919
101657671
755678583
488212497
555138752
990187896
105016434
533519651
140890468
370334328
882990567
849070822
532807239
314003186
757481147
383793009
739490177
974808186
455537075
231722296
59466924
811130279
262469564
993488692
203326804
421935449
525330219
765554806
480633000
802391768
386517212
224915039
460538232
766437889
972840791
756474832
753987259
469669276
134851901
325072171
945177833
511329216
168687251
583590742
434449065
132859391
257052920
661363326
833772884
413662587
861202920
600506716
969842442
885988358
732227533
592578257
568730442
763879684
975577633
195062240
72220202
61539657
728001130
930829293
258662349
993621077
218322758
157442409
883652363
886255011
710681171
431894672
807334484
319277864
614083113
618150001
887043190
445516260
853669450
796568624
929618739
416259955
53274677
861754763
517465487
29826624
359493868
502666011
654869769
132939839
581157659
770062954
612903301
708429175
31377719
782329529
324098411
513336820
24978147
461691693
239723263
47915960
974504814
576622337
381417733
770561238
963479365
544595382
73895835
96785424
110872282
331728095
908017940
751126553
617649210
9463828
777371400
89788590
11116697
96215961
443235778
79212877
115778620
594442825
653547237
810927463
636872666
339137207
19625001
953861188
56362938
798525660
334855761
128238966
742832648
684027213
95177624
43056674
463003771
714915088
720262505
807724127
100552777
753389452
392494202
944340170
833291449
885657820
69793114
495309247
491372217
416299343
466928166
270021969
530309039
17758421
830334217
167719365
169417309
744834401
864313369
105998351
384772822
505762482
89811889
18403048
900821093
228085865
794731097
185907099
303238795
71170835
926771739
583523104
806005632
938281702
849806766
204321338
170452804
236374593
590348885
521055154
702104113
75914721
427306026
338827150
52704228
180341553
164115112
780758648
515170031
649373864
831445822
576564113
799369095
151301528
573138090
196254355
282311204
726899027
926412335
270043608
894333212
989493277
69508750
862287098
511411790
78615542
266751162
146313193
372894674
37537723
823599699
200516976
302744902
61604011
390585254
928278297
119795969
638044699
769959762
315890690
591832312
276500211
854649164
234293601
911591031
49016892
470994940
586414923
848848036
750060013
593380650
878051641
504415499
334502039
721415209
574911693
476170151
648359837
700647280
577004148
130189343
3859625
627155873
153463561
175532535
848913196
429957779
781102586
422270909
7327014
547089085
754133164
212370693
477236529
715504606
711087647
324088433
921131714
153251607
934735146
101933378
169452723
422283058
982321964
998236485
373536156
314970268
969670193
654656453
793168698
651996074
55983777
945399455
263172749
828398088
263283493
885666581
813479024
743203796
724149057
191070379
952130287
182370593
512955197
766627069
961599340
506705034
80185386
128734078
390019450
886115598
480247573
107920771
516125328
956312881
359967062
520496125
942861625
92468763
349444481
2346389
105249591
52336928
502443902
65579417
703773634
545486996
612646613
945230876
711426199
738825118
505094938
93792524
497033363
248509149
672737443
295539140
714601944
800601824
106115904
368583025
935023
585882493
765227668
531470070
642255236
876677876
504741800
290193440
969246445
613022773
703645745
533561238
239926053
467527106
985963486
221491491
775514092
639617035
235954056
554284213
807154970
820194100
444643807
484065564
381095518
370669596
577451731
266170315
745204359
637299462
427178338
118651396
787187281
523074719
145790955
479697318
567495307
872131008
337045832
814073804
885395573
75786534
727428033
564930977
141832519
922431269
8011535
237918982
868444048
180094607
611999930
165234692
594736653
164737173
306274437
957604687
467938688
245435199
158170405
114103283
350759563
371680094
582688519
870588489
714697164
479506869
837226949
367438774
133325304
908573704
958998921
144057420
575611354
726851989
619836435
868808512
514607522
353605932
444533344
680439984
506573087
734486803
242522114
800726191
383791651
704911771
39768487
23195823
794569422
573892725
418653938
889294332
234880445
745871640
490708458
276263274
143454229
996888031
440040362
312976776
732894528
790741495
409938465
745587182
43850787
274814550
139468380
220098315
210295480
801775119
55558927
392584110
743385563
620494407
500161822
427024627
764454860
349401776
943680367
129634009
218734196
849095528
308135962
972976587
353665820
165120111
961406227
364573364
149501586
368303694
833889893
972345161
872631315
423193060
22618313
539086011
436015483
612001660
658675914
461569642
257522543
631635765
766217896
750021922
31387122
7016051
390316572
702222162
869169739
271612434
46763504
734142668
